$ storybook build --output-dir C:\Users\mirado\AppData\Local\Temp\chromatic--11804-62PwH8gefJsi
@storybook/cli v7.0.6

info => Cleaning outputDir: C:\Users\mirado\AppData\Local\Temp\chromatic--11804-62PwH8gefJsi
info => Loading presets
info => Building manager..
info => Manager built (811 ms)
info => Copying static files: E:\MiradoEtech\projetMontee\react\StoryBook\taskbox\node_modules\@storybook\manager\static at C:\Users\mirado\AppData\Local\Temp\chromatic--11804-62PwH8gefJsi\sb-common-assets
[36mvite v4.2.2 [32mbuilding for production...[36m[39m

./sb-common-assets/fonts.css doesn't exist at build time, it will remain unchanged to be resolved at runtime
transforming...
info => Copying static files: E:\MiradoEtech\projetMontee\react\StoryBook\taskbox\public at C:\Users\mirado\AppData\Local\Temp\chromatic--11804-62PwH8gefJsi\
Use of eval in "node_modules/telejson/dist/index.mjs" is strongly discouraged as it poses security risks and may cause issues with minification.
Use of eval in "node_modules/telejson/dist/index.mjs" is strongly discouraged as it poses security risks and may cause issues with minification.
[32m✓[39m 1682 modules transformed.
rendering chunks...
[33mwarnings when minifying css:
▲ [WARNING] CSS nesting syntax is not supported in the configured target environment ("chrome87", "edge88", "es2020", "firefox78", "safari14") [unsupported-css-nesting]

    <stdin>:36:2:
      36 │   *vertical-align: middle;
         ╵   ^


▲ [WARNING] Expected identifier but found whitespace [css-syntax-error]

    <stdin>:36:18:
      36 │   *vertical-align: middle;
         ╵                   ^


▲ [WARNING] Unexpected ";" [css-syntax-error]

    <stdin>:36:25:
      36 │   *vertical-align: middle;
         ╵                          ^

[39m
computing gzip size...
[2mC:/Users/mirado/AppData/Local/Temp/chromatic--11804-62PwH8gefJsi/[22m[32miframe.html                                         [39m[1m[2m 12.60 kB[22m[1m[22m
[2mC:/Users/mirado/AppData/Local/Temp/chromatic--11804-62PwH8gefJsi/[22m[32massets/percolate-dac75269.ttf                       [39m[1m[2m 34.04 kB[22m[1m[22m
[2mC:/Users/mirado/AppData/Local/Temp/chromatic--11804-62PwH8gefJsi/[22m[32massets/percolate-ec979d96.woff                      [39m[1m[2m 34.11 kB[22m[1m[22m
[2mC:/Users/mirado/AppData/Local/Temp/chromatic--11804-62PwH8gefJsi/[22m[32massets/percolate-5ed633c2.eot                       [39m[1m[2m 34.21 kB[22m[1m[22m
[2mC:/Users/mirado/AppData/Local/Temp/chromatic--11804-62PwH8gefJsi/[22m[32massets/percolate-d13fa91b.svg                       [39m[1m[2m140.51 kB[22m[1m[22m
[2mC:/Users/mirado/AppData/Local/Temp/chromatic--11804-62PwH8gefJsi/[22m[35massets/preview-7623e708.css                         [39m[1m[2m  6.91 kB[22m[1m[22m[2m │ gzip:   2.07 kB[22m
[2mC:/Users/mirado/AppData/Local/Temp/chromatic--11804-62PwH8gefJsi/[22m[36massets/index-d475d2ea.js                            [39m[1m[2m  0.21 kB[22m[1m[22m[2m │ gzip:   0.17 kB[22m[2m │ map:     0.82 kB[22m
[2mC:/Users/mirado/AppData/Local/Temp/chromatic--11804-62PwH8gefJsi/[22m[36massets/_commonjs-dynamic-modules-302442b1.js        [39m[1m[2m  0.30 kB[22m[1m[22m[2m │ gzip:   0.24 kB[22m[2m │ map:     0.12 kB[22m
[2mC:/Users/mirado/AppData/Local/Temp/chromatic--11804-62PwH8gefJsi/[22m[36massets/WithTooltip-FBT32F6Q-218f8255.js             [39m[1m[2m  0.55 kB[22m[1m[22m[2m │ gzip:   0.32 kB[22m[2m │ map:     0.11 kB[22m
[2mC:/Users/mirado/AppData/Local/Temp/chromatic--11804-62PwH8gefJsi/[22m[36massets/syntaxhighlighter-QTQ2UBB4-840f6dc2.js       [39m[1m[2m  0.57 kB[22m[1m[22m[2m │ gzip:   0.35 kB[22m[2m │ map:     0.12 kB[22m
[2mC:/Users/mirado/AppData/Local/Temp/chromatic--11804-62PwH8gefJsi/[22m[36massets/index-7773d681.js                            [39m[1m[2m  0.62 kB[22m[1m[22m[2m │ gzip:   0.39 kB[22m[2m │ map:     4.27 kB[22m
[2mC:/Users/mirado/AppData/Local/Temp/chromatic--11804-62PwH8gefJsi/[22m[36massets/preview-0435c720.js                          [39m[1m[2m  0.69 kB[22m[1m[22m[2m │ gzip:   0.49 kB[22m[2m │ map:     3.79 kB[22m
[2mC:/Users/mirado/AppData/Local/Temp/chromatic--11804-62PwH8gefJsi/[22m[36massets/_commonjsHelpers-042e6b4d.js                 [39m[1m[2m  0.78 kB[22m[1m[22m[2m │ gzip:   0.44 kB[22m[2m │ map:     0.11 kB[22m
[2mC:/Users/mirado/AppData/Local/Temp/chromatic--11804-62PwH8gefJsi/[22m[36massets/index-356e4a49.js                            [39m[1m[2m  0.81 kB[22m[1m[22m[2m │ gzip:   0.51 kB[22m[2m │ map:     3.25 kB[22m
[2mC:/Users/mirado/AppData/Local/Temp/chromatic--11804-62PwH8gefJsi/[22m[36massets/preview-268bc5bd.js                          [39m[1m[2m  0.83 kB[22m[1m[22m[2m │ gzip:   0.49 kB[22m[2m │ map:     1.24 kB[22m
[2mC:/Users/mirado/AppData/Local/Temp/chromatic--11804-62PwH8gefJsi/[22m[36massets/preview-b1164a2e.js                          [39m[1m[2m  0.88 kB[22m[1m[22m[2m │ gzip:   0.58 kB[22m[2m │ map:     2.80 kB[22m
[2mC:/Users/mirado/AppData/Local/Temp/chromatic--11804-62PwH8gefJsi/[22m[36massets/preview-a6603801.js                          [39m[1m[2m  1.06 kB[22m[1m[22m[2m │ gzip:   0.69 kB[22m[2m │ map:     3.11 kB[22m
[2mC:/Users/mirado/AppData/Local/Temp/chromatic--11804-62PwH8gefJsi/[22m[36massets/preview-bb5acd95.js                          [39m[1m[2m  2.38 kB[22m[1m[22m[2m │ gzip:   1.26 kB[22m[2m │ map:    10.26 kB[22m
[2mC:/Users/mirado/AppData/Local/Temp/chromatic--11804-62PwH8gefJsi/[22m[36massets/index-d37d4223.js                            [39m[1m[2m  2.63 kB[22m[1m[22m[2m │ gzip:   1.30 kB[22m[2m │ map:     7.46 kB[22m
[2mC:/Users/mirado/AppData/Local/Temp/chromatic--11804-62PwH8gefJsi/[22m[36massets/preview-f96f0111.js                          [39m[1m[2m  3.29 kB[22m[1m[22m[2m │ gzip:   1.41 kB[22m[2m │ map:    10.08 kB[22m
[2mC:/Users/mirado/AppData/Local/Temp/chromatic--11804-62PwH8gefJsi/[22m[36massets/preview-1a14715d.js                          [39m[1m[2m  3.78 kB[22m[1m[22m[2m │ gzip:   1.79 kB[22m[2m │ map:    14.52 kB[22m
[2mC:/Users/mirado/AppData/Local/Temp/chromatic--11804-62PwH8gefJsi/[22m[36massets/iframe-97109dd3.js                           [39m[1m[2m  4.92 kB[22m[1m[22m[2m │ gzip:   1.71 kB[22m[2m │ map:     5.54 kB[22m
[2mC:/Users/mirado/AppData/Local/Temp/chromatic--11804-62PwH8gefJsi/[22m[36massets/preview-62235626.js                          [39m[1m[2m  7.69 kB[22m[1m[22m[2m │ gzip:   1.60 kB[22m[2m │ map:    13.69 kB[22m
[2mC:/Users/mirado/AppData/Local/Temp/chromatic--11804-62PwH8gefJsi/[22m[36massets/preview-e6f1f377.js                          [39m[1m[2m  7.97 kB[22m[1m[22m[2m │ gzip:   3.03 kB[22m[2m │ map:    28.17 kB[22m
[2mC:/Users/mirado/AppData/Local/Temp/chromatic--11804-62PwH8gefJsi/[22m[36massets/index-078d3f98.js                            [39m[1m[2m 10.06 kB[22m[1m[22m[2m │ gzip:   3.66 kB[22m[2m │ map:    26.47 kB[22m
[2mC:/Users/mirado/AppData/Local/Temp/chromatic--11804-62PwH8gefJsi/[22m[36massets/GlobalScrollAreaStyles-XIHNDKUY-2709ca3b.js  [39m[1m[2m 10.53 kB[22m[1m[22m[2m │ gzip:   2.41 kB[22m[2m │ map:    15.70 kB[22m
[2mC:/Users/mirado/AppData/Local/Temp/chromatic--11804-62PwH8gefJsi/[22m[36massets/preview-8e084d2f.js                          [39m[1m[2m 11.13 kB[22m[1m[22m[2m │ gzip:   3.76 kB[22m[2m │ map:    41.75 kB[22m
[2mC:/Users/mirado/AppData/Local/Temp/chromatic--11804-62PwH8gefJsi/[22m[36massets/index-05dd2ed0.js                            [39m[1m[2m 12.05 kB[22m[1m[22m[2m │ gzip:   4.36 kB[22m[2m │ map:    55.84 kB[22m
[2mC:/Users/mirado/AppData/Local/Temp/chromatic--11804-62PwH8gefJsi/[22m[36massets/Task.stories-0e854b2b.js                     [39m[1m[2m 16.40 kB[22m[1m[22m[2m │ gzip:   6.13 kB[22m[2m │ map:    63.46 kB[22m
[2mC:/Users/mirado/AppData/Local/Temp/chromatic--11804-62PwH8gefJsi/[22m[36massets/index-248772ff.js                            [39m[1m[2m 27.48 kB[22m[1m[22m[2m │ gzip:  10.05 kB[22m[2m │ map:   125.22 kB[22m
[2mC:/Users/mirado/AppData/Local/Temp/chromatic--11804-62PwH8gefJsi/[22m[36massets/Color-3YIJY6X7-6c9c7cf8.js                   [39m[1m[2m 31.11 kB[22m[1m[22m[2m │ gzip:  11.69 kB[22m[2m │ map:   112.39 kB[22m
[2mC:/Users/mirado/AppData/Local/Temp/chromatic--11804-62PwH8gefJsi/[22m[36massets/OverlayScrollbars-VAV6LJAB-b01e474c.js       [39m[1m[2m 59.11 kB[22m[1m[22m[2m │ gzip:  25.35 kB[22m[2m │ map:   277.20 kB[22m
[2mC:/Users/mirado/AppData/Local/Temp/chromatic--11804-62PwH8gefJsi/[22m[36massets/TaskList.stories-a3708b30.js                 [39m[1m[2m 59.87 kB[22m[1m[22m[2m │ gzip:  20.01 kB[22m[2m │ map:   274.70 kB[22m
[2mC:/Users/mirado/AppData/Local/Temp/chromatic--11804-62PwH8gefJsi/[22m[36massets/_getPrototype-346eac07.js                    [39m[1m[2m 79.07 kB[22m[1m[22m[2m │ gzip:  23.77 kB[22m[2m │ map:   325.30 kB[22m
[2mC:/Users/mirado/AppData/Local/Temp/chromatic--11804-62PwH8gefJsi/[22m[36massets/config-3dd9a9ab.js                           [39m[1m[2m214.06 kB[22m[1m[22m[2m │ gzip:  66.60 kB[22m[2m │ map:   809.07 kB[22m
[2mC:/Users/mirado/AppData/Local/Temp/chromatic--11804-62PwH8gefJsi/[22m[36massets/InboxScreen.stories-ed02af3f.js              [39m[1m[2m260.22 kB[22m[1m[22m[2m │ gzip:  61.32 kB[22m[2m │ map:   928.07 kB[22m
[2mC:/Users/mirado/AppData/Local/Temp/chromatic--11804-62PwH8gefJsi/[22m[36massets/index-cfee2899.js                            [39m[1m[2m284.56 kB[22m[1m[22m[2m │ gzip:  87.36 kB[22m[2m │ map: 1,491.27 kB[22m
[2mC:/Users/mirado/AppData/Local/Temp/chromatic--11804-62PwH8gefJsi/[22m[36massets/index-db10e86c.js                            [39m[1m[2m338.03 kB[22m[1m[22m[2m │ gzip:  99.78 kB[22m[2m │ map: 1,431.40 kB[22m
[2mC:/Users/mirado/AppData/Local/Temp/chromatic--11804-62PwH8gefJsi/[22m[36massets/DocsRenderer-7FRJXR4N-ff5bf486.js            [39m[1m[33m523.87 kB[39m[22m[2m │ gzip: 171.22 kB[22m[2m │ map: 1,443.60 kB[22m
[2mC:/Users/mirado/AppData/Local/Temp/chromatic--11804-62PwH8gefJsi/[22m[36massets/axe-41d76881.js                              [39m[1m[33m535.59 kB[39m[22m[2m │ gzip: 146.90 kB[22m[2m │ map: 1,918.41 kB[22m
[2mC:/Users/mirado/AppData/Local/Temp/chromatic--11804-62PwH8gefJsi/[22m[36massets/formatter-S4K5WUZV-8ad1c137.js               [39m[1m[33m601.76 kB[39m[22m[2m │ gzip: 185.09 kB[22m[2m │ map: 1,315.96 kB[22m
[33m
(!) Some chunks are larger than 500 kBs after minification. Consider:
- Using dynamic import() to code-split the application
- Use build.rollupOptions.output.manualChunks to improve chunking: https://rollupjs.org/configuration-options/#output-manualchunks
- Adjust chunk size limit for this warning via build.chunkSizeWarningLimit.[39m
[32m✓[39m built in 33.13s
info => Output directory: C:\Users\mirado\AppData\Local\Temp\chromatic--11804-62PwH8gefJsi
